c:\users\asant\source\repos\spectrumfight\spectrumfight\debug\vc141.pdb
c:\users\asant\source\repos\spectrumfight\spectrumfight\debug\vc141.idb
c:\users\asant\source\repos\spectrumfight\spectrumfight\debug\main.obj
c:\users\asant\source\repos\spectrumfight\debug\spectrumfight.pdb
c:\users\asant\source\repos\spectrumfight\spectrumfight\debug\spectrumfight.tlog\cl.command.1.tlog
c:\users\asant\source\repos\spectrumfight\spectrumfight\debug\spectrumfight.tlog\cl.read.1.tlog
c:\users\asant\source\repos\spectrumfight\spectrumfight\debug\spectrumfight.tlog\cl.write.1.tlog
c:\users\asant\source\repos\spectrumfight\spectrumfight\debug\spectrumfight.tlog\link-cvtres.read.1.tlog
c:\users\asant\source\repos\spectrumfight\spectrumfight\debug\spectrumfight.tlog\link-cvtres.write.1.tlog
c:\users\asant\source\repos\spectrumfight\spectrumfight\debug\spectrumfight.tlog\link-rc.read.1.tlog
c:\users\asant\source\repos\spectrumfight\spectrumfight\debug\spectrumfight.tlog\link-rc.write.1.tlog
c:\users\asant\source\repos\spectrumfight\spectrumfight\debug\spectrumfight.tlog\link.6524-cvtres.read.1.tlog
c:\users\asant\source\repos\spectrumfight\spectrumfight\debug\spectrumfight.tlog\link.6524-cvtres.write.1.tlog
c:\users\asant\source\repos\spectrumfight\spectrumfight\debug\spectrumfight.tlog\link.6524-rc.read.1.tlog
c:\users\asant\source\repos\spectrumfight\spectrumfight\debug\spectrumfight.tlog\link.6524-rc.write.1.tlog
c:\users\asant\source\repos\spectrumfight\spectrumfight\debug\spectrumfight.tlog\link.6524.read.1.tlog
c:\users\asant\source\repos\spectrumfight\spectrumfight\debug\spectrumfight.tlog\link.6524.write.1.tlog
c:\users\asant\source\repos\spectrumfight\spectrumfight\debug\spectrumfight.tlog\link.command.1.tlog
c:\users\asant\source\repos\spectrumfight\spectrumfight\debug\spectrumfight.tlog\link.read.1.tlog
c:\users\asant\source\repos\spectrumfight\spectrumfight\debug\spectrumfight.tlog\link.write.1.tlog
